<?xml version="1.0" encoding="UTF-8"?>
<!-- Generated by org.testng.reporters.JUnitXMLReporter -->
<testsuite ignored="0" hostname="LAPTOP-R7U7PETN" failures="1" tests="1" name="Surefire test" time="3.76" errors="0" timestamp="2025-11-07T07:30:19 IST">
  <testcase classname="tests.Test36" name="deleteRecord" time="3.623">
    <failure type="java.lang.AssertionError" message="expected [true] but found [false]">
      <![CDATA[java.lang.AssertionError: expected [true] but found [false]
at tests.Test36.deleteRecord(Test36.java:37)
at java.base/java.util.ArrayList.forEach(ArrayList.java:1511)
... Removed 34 stack frames]]>
    </failure>
  </testcase> <!-- deleteRecord -->
</testsuite> <!-- Surefire test -->
