<?xml version="1.0" encoding="UTF-8"?>
<testng-results ignored="0" total="2" passed="2" failed="0" skipped="0">
  <reporter-output>
  </reporter-output>
  <suite started-at="2024-01-18T10:51:05 EST" name="Default suite" finished-at="2024-01-18T10:51:11 EST" duration-ms="5181">
    <groups>
    </groups>
    <test started-at="2024-01-18T10:51:05 EST" name="Default test" finished-at="2024-01-18T10:51:11 EST" duration-ms="5181">
      <class name="tests.Test33">
        <test-method signature="getAllCustomeres()[pri:1, instance:tests.Test33@16a0ee18]" started-at="2024-01-18T10:51:06 EST" name="getAllCustomeres" finished-at="2024-01-18T10:51:10 EST" duration-ms="4442" status="PASS">
          <reporter-output>
          </reporter-output>
        </test-method> <!-- getAllCustomeres -->
        <test-method signature="getSpecificCustomer()[pri:2, instance:tests.Test33@16a0ee18]" started-at="2024-01-18T10:51:10 EST" name="getSpecificCustomer" finished-at="2024-01-18T10:51:11 EST" duration-ms="652" status="PASS">
          <reporter-output>
          </reporter-output>
        </test-method> <!-- getSpecificCustomer -->
      </class> <!-- tests.Test33 -->
    </test> <!-- Default test -->
  </suite> <!-- Default suite -->
</testng-results>
