<?xml version="1.0" encoding="UTF-8"?>
<!-- Generated by org.testng.reporters.JUnitReportReporter -->
<testsuite hostname="DESKTOP-LNDV4RP" failures="0" tests="3" name="tests.Test31" time="2.366" errors="0" timestamp="2023-10-06T07:54:14 IST" skipped="0">
  <testcase classname="tests.Test31" name="getCurrentTemperature" time="2.087">
    <system-out>
      <![CDATA[21.4]]>
    </system-out>
  </testcase> <!-- getCurrentTemperature -->
  <testcase classname="tests.Test31" name="getCurrentTemperature" time="0.126">
    <system-out>
      <![CDATA[24.0]]>
    </system-out>
  </testcase> <!-- getCurrentTemperature -->
  <testcase classname="tests.Test31" name="getCurrentTemperature" time="0.153">
    <system-out>
      <![CDATA[14.0]]>
    </system-out>
  </testcase> <!-- getCurrentTemperature -->
  <system-out>
    <![CDATA[21.4
24.0
14.0]]>
  </system-out>
</testsuite> <!-- tests.Test31 -->
