<?xml version="1.0" encoding="UTF-8"?>
<!-- Generated by org.testng.reporters.JUnitReportReporter -->
<testsuite hostname="DESKTOP-LNDV4RP" failures="0" tests="5" name="tests.Test24" time="4.435" errors="0" timestamp="2023-10-02T22:04:32 IST" skipped="0">
  <testcase classname="tests.Test24" name="createUser" time="2.187">
    <system-out>
      <![CDATA[Successful creation of new user]]>
    </system-out>
  </testcase> <!-- createUser -->
  <testcase classname="tests.Test24" name="generateToken" time="0.693">
    <system-out>
      <![CDATA[Successful creation of token]]>
    </system-out>
  </testcase> <!-- generateToken -->
  <testcase classname="tests.Test24" name="verifyUser" time="0.484">
    <system-out>
      <![CDATA[true
User is authorized to do further tasks]]>
    </system-out>
  </testcase> <!-- verifyUser -->
  <testcase classname="tests.Test24" name="getUser" time="0.484">
    <system-out>
      <![CDATA[Successful get user details]]>
    </system-out>
  </testcase> <!-- getUser -->
  <testcase classname="tests.Test24" name="deleteUser" time="0.587">
    <system-out>
      <![CDATA[Successful deletion of user]]>
    </system-out>
  </testcase> <!-- deleteUser -->
  <system-out>
    <![CDATA[Successful creation of new user
Successful creation of token
true
User is authorized to do further tasks
Successful get user details
Successful deletion of user]]>
  </system-out>
</testsuite> <!-- tests.Test24 -->
