<?xml version="1.0" encoding="UTF-8"?>
<!-- Generated by org.testng.reporters.JUnitReportReporter -->
<testsuite hostname="DESKTOP-RAPIJ62" failures="0" tests="5" name="tests.Test36" time="6.867" errors="0" timestamp="2023-10-14T09:12:05 IST" skipped="0">
  <testcase classname="tests.Test36" name="createRepo" time="4.801">
    <system-out>
      <![CDATA[Successful creation of new repo]]>
    </system-out>
  </testcase> <!-- createRepo -->
  <testcase classname="tests.Test36" name="getAllRepos" time="0.590">
    <system-out>
      <![CDATA[newely created repo found in existing repos]]>
    </system-out>
  </testcase> <!-- getAllRepos -->
  <testcase classname="tests.Test36" name="updateRepo" time="0.647">
    <system-out>
      <![CDATA[Successful updation of new repo]]>
    </system-out>
  </testcase> <!-- updateRepo -->
  <testcase classname="tests.Test36" name="deleteRepo" time="0.517">
    <system-out>
      <![CDATA[Successful deletion of repo]]>
    </system-out>
  </testcase> <!-- deleteRepo -->
  <testcase classname="tests.Test36" name="getRepo" time="0.312">
    <system-out>
      <![CDATA[newely created repo succesfully deleted]]>
    </system-out>
  </testcase> <!-- getRepo -->
  <system-out>
    <![CDATA[Successful creation of new repo
newely created repo found in existing repos
Successful updation of new repo
Successful deletion of repo
newely created repo succesfully deleted]]>
  </system-out>
</testsuite> <!-- tests.Test36 -->
