<?xml version="1.0" encoding="UTF-8"?>
<!-- Generated by org.testng.reporters.JUnitReportReporter -->
<testsuite hostname="DESKTOP-RAPIJ62" failures="0" tests="4" name="tests.Test34" time="4.128" errors="0" timestamp="2023-10-13T08:36:11 IST" skipped="0">
  <testcase classname="tests.Test34" name="createCustomer" time="2.727">
    <system-out>
      <![CDATA[Successful creation of new customer]]>
    </system-out>
  </testcase> <!-- createCustomer -->
  <testcase classname="tests.Test34" name="getCustomer" time="0.543">
    <system-out>
      <![CDATA[Successful retrieval of new customer]]>
    </system-out>
  </testcase> <!-- getCustomer -->
  <testcase classname="tests.Test34" name="updateCustomer" time="0.437">
    <system-out>
      <![CDATA[Successful updation of new customer]]>
    </system-out>
  </testcase> <!-- updateCustomer -->
  <testcase classname="tests.Test34" name="deleteCustomer" time="0.421">
    <system-out>
      <![CDATA[Successful deletion of new customer]]>
    </system-out>
  </testcase> <!-- deleteCustomer -->
  <system-out>
    <![CDATA[Successful creation of new customer
Successful retrieval of new customer
Successful updation of new customer
Successful deletion of new customer]]>
  </system-out>
</testsuite> <!-- tests.Test34 -->
