<?xml version="1.0" encoding="UTF-8"?>
<!-- Generated by org.testng.reporters.JUnitReportReporter -->
<testsuite hostname="DESKTOP-RAPIJ62" failures="0" tests="3" name="tests.Test42" time="6.682" errors="0" timestamp="2023-11-05T08:15:49 IST" skipped="0">
  <testcase classname="tests.Test42" name="loggingToConsole" time="3.534"/>
  <testcase classname="tests.Test42" name="loggingToFiles" time="1.562"/>
  <testcase classname="tests.Test42" name="loggingToOneFile" time="1.586"/>
</testsuite> <!-- tests.Test42 -->
