<?xml version="1.0" encoding="UTF-8"?>
<!-- Generated by org.testng.reporters.JUnitReportReporter -->
<testsuite hostname="CHAVA_HOME" failures="0" tests="5" name="tests.Test25" time="7.440" errors="0" timestamp="2024-01-17T17:54:14 EST" skipped="0">
  <testcase classname="tests.Test25" name="createUser" time="4.027"/>
  <system-out>
    <![CDATA[Successful creation of new user]]>
  </system-out>
  <testcase classname="tests.Test25" name="generateToken" time="1.126"/>
  <system-out>
    <![CDATA[Successful creation of token]]>
  </system-out>
  <testcase classname="tests.Test25" name="verifyUser" time="0.869"/>
  <system-out>
    <![CDATA[true
User is authorized to do further tasks]]>
  </system-out>
  <testcase classname="tests.Test25" name="getAllBooksInStore" time="0.742"/>
  <system-out>
    <![CDATA[Books are available in Store]]>
  </system-out>
  <testcase classname="tests.Test25" name="deleteUser" time="0.676"/>
  <system-out>
    <![CDATA[Successful deletion of user]]>
  </system-out>
</testsuite> <!-- tests.Test25 -->
