<?xml version="1.0" encoding="UTF-8"?>
<!-- Generated by org.testng.reporters.JUnitReportReporter -->
<testsuite hostname="DESKTOP-LNDV4RP" failures="0" tests="6" name="tests.Test26" time="5.428" errors="0" timestamp="2023-10-03T08:27:39 IST" skipped="0">
  <testcase classname="tests.Test26" name="createUser" time="2.721">
    <system-out>
      <![CDATA[Successful creation of new user]]>
    </system-out>
  </testcase> <!-- createUser -->
  <testcase classname="tests.Test26" name="generateToken" time="0.664">
    <system-out>
      <![CDATA[Successful creation of token]]>
    </system-out>
  </testcase> <!-- generateToken -->
  <testcase classname="tests.Test26" name="verifyUser" time="0.503">
    <system-out>
      <![CDATA[true
User is authorized to do further tasks]]>
    </system-out>
  </testcase> <!-- verifyUser -->
  <testcase classname="tests.Test26" name="addBook" time="0.524">
    <system-out>
      <![CDATA[Successfully a book is added to user]]>
    </system-out>
  </testcase> <!-- addBook -->
  <testcase classname="tests.Test26" name="getBook" time="0.472">
    <system-out>
      <![CDATA[Designing Evolvable Web APIs with ASP.NET]]>
    </system-out>
  </testcase> <!-- getBook -->
  <testcase classname="tests.Test26" name="deleteUser" time="0.544">
    <system-out>
      <![CDATA[Successful deletion of user]]>
    </system-out>
  </testcase> <!-- deleteUser -->
  <system-out>
    <![CDATA[Successful creation of new user
Successful creation of token
true
User is authorized to do further tasks
Successfully a book is added to user
Designing Evolvable Web APIs with ASP.NET
Successful deletion of user]]>
  </system-out>
</testsuite> <!-- tests.Test26 -->
