<?xml version="1.0" encoding="UTF-8"?>
<!-- Generated by org.testng.reporters.JUnitReportReporter -->
<testsuite hostname="DESKTOP-LNDV4RP" failures="0" tests="2" name="tests.Test32" time="2.728" errors="0" timestamp="2023-10-05T09:46:29 IST" skipped="0">
  <testcase classname="tests.Test32" name="getCurrentTemperature" time="0.375">
    <system-out>
      <![CDATA[28.0]]>
    </system-out>
  </testcase> <!-- getCurrentTemperature -->
  <testcase classname="tests.Test32" name="getCurrentTemperature" time="2.353">
    <system-out>
      <![CDATA[25.4]]>
    </system-out>
  </testcase> <!-- getCurrentTemperature -->
  <system-out>
    <![CDATA[25.4
28.0]]>
  </system-out>
</testsuite> <!-- tests.Test32 -->
