<?xml version="1.0" encoding="UTF-8"?>
<!-- Generated by org.testng.reporters.JUnitReportReporter -->
<testsuite hostname="DESKTOP-LNDV4RP" failures="0" tests="7" name="tests.Test27" time="6.842" errors="0" timestamp="2023-10-03T08:33:17 IST" skipped="0">
  <testcase classname="tests.Test27" name="createUser" time="2.712">
    <system-out>
      <![CDATA[Successful creation of new user]]>
    </system-out>
  </testcase> <!-- createUser -->
  <testcase classname="tests.Test27" name="generateToken" time="0.709">
    <system-out>
      <![CDATA[Successful creation of token]]>
    </system-out>
  </testcase> <!-- generateToken -->
  <testcase classname="tests.Test27" name="verifyUser" time="0.461">
    <system-out>
      <![CDATA[true
User is authorized to do further tasks]]>
    </system-out>
  </testcase> <!-- verifyUser -->
  <testcase classname="tests.Test27" name="addBook" time="0.535">
    <system-out>
      <![CDATA[Successfully a book is added to user]]>
    </system-out>
  </testcase> <!-- addBook -->
  <testcase classname="tests.Test27" name="updateBook" time="0.740">
    <system-out>
      <![CDATA[Successful updation of a book to user]]>
    </system-out>
  </testcase> <!-- updateBook -->
  <testcase classname="tests.Test27" name="deleteBook" time="1.127"/>
  <testcase classname="tests.Test27" name="deleteUser" time="0.558">
    <system-out>
      <![CDATA[Successful deletion of user]]>
    </system-out>
  </testcase> <!-- deleteUser -->
  <system-out>
    <![CDATA[Successful creation of new user
Successful creation of token
true
User is authorized to do further tasks
Successfully a book is added to user
Successful updation of a book to user
Successful deletion of user]]>
  </system-out>
</testsuite> <!-- tests.Test27 -->
