<?xml version="1.0" encoding="UTF-8"?>
<!-- Generated by org.testng.reporters.JUnitReportReporter -->
<testsuite hostname="DESKTOP-RAPIJ62" failures="0" tests="2" name="tests.Test35" time="5.522" errors="0" timestamp="2023-10-13T08:48:15 IST" skipped="0">
  <testcase classname="tests.Test35" name="verifyCustomeres" time="2.761">
    <system-out>
      <![CDATA[given customer found in existing customers list]]>
    </system-out>
  </testcase> <!-- verifyCustomeres -->
  <testcase classname="tests.Test35" name="verifyCustomeres" time="2.761">
    <system-out>
      <![CDATA[given customer found in existing customers list]]>
    </system-out>
  </testcase> <!-- verifyCustomeres -->
  <system-out>
    <![CDATA[given customer found in existing customers list
given customer found in existing customers list]]>
  </system-out>
</testsuite> <!-- tests.Test35 -->
