<?xml version="1.0" encoding="UTF-8"?>
<!-- Generated by org.testng.reporters.JUnitReportReporter -->
<testsuite hostname="DESKTOP-RAPIJ62" failures="0" tests="4" name="tests.Test38" time="3.580" errors="0" timestamp="2023-10-22T08:58:47 IST" skipped="0">
  <testcase classname="tests.Test38" name="getAllMails" time="2.084"/>
  <testcase classname="tests.Test38" name="getUnreadMails" time="0.511"/>
  <testcase classname="tests.Test38" name="getSpecificPersonMails" time="0.495"/>
  <testcase classname="tests.Test38" name="getSpecificMailContent" time="0.490"/>
</testsuite> <!-- tests.Test38 -->
